<?xml version="1.0" encoding="UTF-8"?>
<!-- Generated by org.testng.reporters.JUnitReportReporter -->
<testsuite skipped="0" hostname="DESKTOP-8S53741" name="testFB.TC_Loginwithinvalidcred" tests="1" failures="0" timestamp="29 Dec 2018 00:18:14 GMT" time="6.253" errors="0">
  <testcase name="logintest" time="6.253" classname="testFB.TC_Loginwithinvalidcred"/>
</testsuite> <!-- testFB.TC_Loginwithinvalidcred -->
